<!DOCTYPE html>
<html>
<head>
  
<meta http-equiv="Content-Type" content="text/html; charset=UTF-8" />

<script type="text/javascript" src="js/jquery.min.js"></script>
<script type="text/javascript" src="js/jquery.tablesorter.min.js"></script>
<script type="text/javascript" src="js/Chart.min.js"></script>
<script type="text/javascript" src="js/moment.min.js"></script>
<script type="text/javascript" src="js/bootstrap.min.js"></script>

<link rel="stylesheet" href="css/bootstrap.min.css" type="text/css"/>
<link rel="stylesheet" href="css/cucumber.css" type="text/css"/>
<link rel="stylesheet" href="css/font-awesome.min.css"/>
<link rel="shortcut icon" href="images/favicon.png"/>

<script type="text/javascript">
$(document).ready(function() {
    // this will tell tablesorter to try looking for the data-value attribute
    // if present, it'll sort by that instead
    // otherwise, it'll sort by the text content of the table cell
    $("#tablesorter").tablesorter({
        textAttribute: 'data-value',
        // ignores the first row of the header, the 'scenario', 'steps', since
        // sorting those doesn't make sense
        selectorHeaders: '> thead tr:not(.dont-sort) th',
        // use a stable sort
        sortStable: true
    });
});
</script>











  
<title>Cucumber Reports (no 1) - Feature: Map page details</title>

</head>
<body>

<nav class="navbar navbar-default navbar-fixed-top" id="navigation">
  <div class="container-fluid">
    <div class="collapse navbar-collapse">
      <p class="navbar-text navbar-left">Cucumber Report</p>
      <ul class="nav navbar-nav navbar-right">
                <li role="presentation" ><a href="overview-features.html">Features</a></li>
        <li role="presentation" ><a href="overview-tags.html">Tags</a></li>
        <li role="presentation" ><a href="overview-steps.html">Steps</a></li>
                <li role="presentation" ><a href="overview-failures.html">Failures</a></li>
      </ul>
    </div>
  </div>
</nav>


<div class="container-fluid">
  <div class="col-md-5 col-md-offset-1">
    
<table class="table table-bordered" id="build-info">
  <thead>
    <tr>
      <th>Project</th>
              <th>Number</th>
            <th>Date</th>
    </tr>
  </thead>
  <tbody>
    <tr class="info">
      <td>Cucumber HTML Reports</td>
              <td>1</td>
            <td>15 Aug 2019, 23:49</td>
    </tr>
  </tbody>
</table>

  </div>
  <div class="col-md-3 col-md-offset-2">
      </div>
</div>


<div id="report-lead" class="container-fluid">
  <div class="col-md-10 col-md-offset-1">
    <h2>Feature Report</h2>
      </div>
</div>


<div class="container-fluid" id="report">
  <div class="row">
    <div class="col-md-10 col-md-offset-1">
      <table class="stats-table">

        
<thead>
  <tr class="header dont-sort">
        <th></th>
    <th colspan="6">Steps</th>
    <th colspan="3">Scenarios</th>
    <th colspan="2">Features</th>
  </tr>
  <tr>
    <th>Feature</th>
        <th class="passed">Passed</th>
    <th class="failed">Failed</th>
    <th class="skipped">Skipped</th>
    <th class="pending">Pending</th>
    <th class="undefined">Undefined</th>
    <th class="total">Total</th>

    <th class="passed">Passed</th>
    <th class="failed">Failed</th>
    <th class="total">Total</th>

    <th>Duration</th>
    <th>Status</th>
  </tr>
</thead>


        <tbody>
        <tr>
          <td class="tagname">Map page details</td>
          <td      class="passed"    >5</td>
          <td      class="failed"    >2</td>
          <td     class="skipped"   >3</td>
          <td >0</td>
          <td >0</td>
          <td class="total">10</td>

          <td  class="passed"    >1</td>
          <td  class="failed"    >2</td>
          <td class="total">3</td>

          <td class="duration" data-value="125910740600">2:5.910</td>
          <td class="failed">Failed</td>
        </tr>
        </tbody>

      </table>
    </div>
  </div>
</div>



<div class="container-fluid">
  <div class="row">
    <div class="col-md-1 col-md-offset-10">
      <i class="fa fa-chevron-circle-down fa-2x collapsable-control"
        onClick="javascript:$('#report .collapsable-details').collapse('show')"></i>
      <i class="fa fa-chevron-circle-up fa-2x collapsable-control"
        onClick="javascript:$('#report .collapsable-details').collapse('hide')"></i>
    </div>
  </div>
</div>


<div class="container-fluid" id="report">
  <div class="row">
    <div class="col-md-10 col-md-offset-1">
      <div class="feature">
        
<div class="tags indention">
      <b>Tags:</b>
           <a href="report-tag_1949143085.html">@homepage</a>
      </div>

        
<div class="brief failed">
  <span class="keyword indention">Feature</span>
  <span class="name">Map page details</span>
  

  </div>

        <div class="description indention"></div>

        <div class="elements inner-level">
                      
<div class="element">
  
  
<div class="tags indention">
  </div>

  
  <span class="lead-duration duration">10.052</span>


    <span data-toggle="collapse" class=" collapsed  collapsable-control" data-target="#element-1">
    
<div class="brief passed">
  <span class="keyword indention">Background</span>
  <span class="name"></span>
  

       <i class="chevron fa fa-fw"></i>
  </div>

  </span>
  <div class="description indention"></div>

  <div id="element-1" class="collapse collapsable-details ">
    


    
<div class="steps inner-level">
    <div data-toggle="collapse" class=" collapsed  collapsable-control" data-target="#steps-2">
    
<div class="brief passed">
  <span class="keyword indention">Steps</span>
  <span class="name"></span>
  

       <i class="chevron fa fa-fw"></i>
  </div>

  </div>

  <div id="steps-2" class="inner-level collapse collapsable-details ">
          <div class="step">
        
<div class="brief passed">
  <span class="keyword indention">Given</span>
  <span class="name">user on the login page</span>
  
  <span class="lead-duration duration">8.228</span>

</div>

        

        


        
        

        

        
  
        

      </div>
          <div class="step">
        
<div class="brief passed">
  <span class="keyword indention">When</span>
  <span class="name">user logs in using <span class="argument">&quot;strayford84@e-recht24.de&quot;</span> and <span class="argument">&quot;carlosmichie&quot;</span></span>
  
  <span class="lead-duration duration">1.824</span>

</div>

        

        


        
        

        

        
  
        

      </div>
      </div>
</div>


    

  </div>
</div>

                      
<div class="element">
  
  
<div class="tags indention">
      <b>Tags:</b>
           <a href="report-tag_1949143085.html">@homepage</a>
      </div>

  
  <span class="lead-duration duration">1.099</span>


    <span data-toggle="collapse" class=" collapsed  collapsable-control" data-target="#element-3">
    
<div class="brief passed">
  <span class="keyword indention">Scenario</span>
  <span class="name">Light side room</span>
  

       <i class="chevron fa fa-fw"></i>
  </div>

  </span>
  <div class="description indention"></div>

  <div id="element-3" class="collapse collapsable-details ">
    
  <div class="inner-level hooks-element-before">
        <div data-toggle="collapse" class=" collapsed  collapsable-control" data-target="#before-4">
      
<div class="brief passed">
  <span class="keyword indention">Hooks</span>
  <span class="name"></span>
  

       <i class="chevron fa fa-fw"></i>
  </div>

    </div>

    <div id="before-4" class="inner-level collapse collapsable-details ">
              <div class="hook">
          <div class="brief passed">
            <span class="keyword indention">Before</span>
                          <span class="location name">Hooks.setUp()</span>
                        
  <span class="lead-duration duration">4.695</span>

          </div>

                      

          
                    

          
  
        </div>
          </div>
  </div>


    
<div class="steps inner-level">
    <div data-toggle="collapse" class=" collapsed  collapsable-control" data-target="#steps-5">
    
<div class="brief passed">
  <span class="keyword indention">Steps</span>
  <span class="name"></span>
  

       <i class="chevron fa fa-fw"></i>
  </div>

  </div>

  <div id="steps-5" class="inner-level collapse collapsable-details ">
          <div class="step">
        
<div class="brief passed">
  <span class="keyword indention">Then</span>
  <span class="name">I should be able to see <span class="argument">&quot;princeton&quot;</span> room</span>
  
  <span class="lead-duration duration">1.099</span>

</div>

        

        


        
        

        

        
  
        

      </div>
      </div>
</div>


    
  <div class="inner-level hooks-element-after">
        <div data-toggle="collapse" class=" collapsed  collapsable-control" data-target="#after-6">
      
<div class="brief passed">
  <span class="keyword indention">Hooks</span>
  <span class="name"></span>
  

       <i class="chevron fa fa-fw"></i>
  </div>

    </div>

    <div id="after-6" class="inner-level collapse collapsable-details ">
              <div class="hook">
          <div class="brief passed">
            <span class="keyword indention">After</span>
                          <span class="location name">Hooks.tearDown(Scenario)</span>
                        
  <span class="lead-duration duration">1.336</span>

          </div>

                      

          
                    

          
  
        </div>
          </div>
  </div>

  </div>
</div>

                      
<div class="element">
  
  
<div class="tags indention">
  </div>

  
  <span class="lead-duration duration">49.250</span>


    <span data-toggle="collapse" class=" collapsable-control" data-target="#element-7">
    
<div class="brief failed">
  <span class="keyword indention">Background</span>
  <span class="name"></span>
  

       <i class="chevron fa fa-fw"></i>
  </div>

  </span>
  <div class="description indention"></div>

  <div id="element-7" class="collapse collapsable-details  in ">
    


    
<div class="steps inner-level">
    <div data-toggle="collapse" class=" collapsable-control" data-target="#steps-8">
    
<div class="brief failed">
  <span class="keyword indention">Steps</span>
  <span class="name"></span>
  

       <i class="chevron fa fa-fw"></i>
  </div>

  </div>

  <div id="steps-8" class="inner-level collapse collapsable-details  in ">
          <div class="step">
        
<div class="brief passed">
  <span class="keyword indention">Given</span>
  <span class="name">user on the login page</span>
  
  <span class="lead-duration duration">18.078</span>

</div>

        

        


        
        

        

        
  
        

      </div>
          <div class="step">
        
<div class="brief failed">
  <span class="keyword indention">When</span>
  <span class="name">user logs in using <span class="argument">&quot;strayford84@e-recht24.de&quot;</span> and <span class="argument">&quot;carlosmichie&quot;</span></span>
  
  <span class="lead-duration duration">31.171</span>

</div>

        

        

  <div class="inner-level">
    <div class="message indention">
      <div data-toggle="collapse" class=" collapsable-control" data-target="#msg-9">
          <a>org.openqa.selenium.TimeoutException:</a>
      </div>
      <div id="msg-9" class="collapse collapsable-details  in ">
        <pre>org.openqa.selenium.TimeoutException: Expected condition failed: waiting for text ('map') to be present in element Proxy element for: DefaultElementLocator 'By.xpath: //h1[@class='title' and contains(text(), 'map')]' (tried for 15 second(s) with 500 milliseconds interval)
	at org.openqa.selenium.support.ui.WebDriverWait.timeoutException(WebDriverWait.java:95)
	at org.openqa.selenium.support.ui.FluentWait.until(FluentWait.java:272)
	at com.cybertek.pages.SignInPage.logIn(SignInPage.java:35)
	at com.cybertek.step_definitions.LoginPageStepDefinitions.user_logs_in_using_and(LoginPageStepDefinitions.java:24)
	at &#10045;.user logs in using &quot;strayford84@e-recht24.de&quot; and &quot;carlosmichie&quot;(src\test\resources\features\homepage\mapdetails.feature:7)
Caused by: org.openqa.selenium.NoSuchElementException: no such element: Unable to locate element: {&quot;method&quot;:&quot;xpath&quot;,&quot;selector&quot;:&quot;//h1[@class='title' and contains(text(), 'map')]&quot;}
  (Session info: chrome=76.0.3809.100)
For documentation on this error, please visit: https://www.seleniumhq.org/exceptions/no_such_element.html
Build info: version: '3.141.59', revision: 'e82be7d358', time: '2018-11-14T08:17:03'
System info: host: 'DESKTOP-PM9V0CS', ip: '192.168.0.6', os.name: 'Windows 10', os.arch: 'amd64', os.version: '10.0', java.version: '11.0.4'
Driver info: org.openqa.selenium.chrome.ChromeDriver
Capabilities {acceptInsecureCerts: false, browserName: chrome, browserVersion: 76.0.3809.100, chrome: {chromedriverVersion: 76.0.3809.68 (420c9498db8ce..., userDataDir: C:\Users\FARRUKH\AppData\Lo...}, goog:chromeOptions: {debuggerAddress: localhost:65272}, javascriptEnabled: true, networkConnectionEnabled: false, pageLoadStrategy: normal, platform: XP, platformName: XP, proxy: Proxy(), setWindowRect: true, strictFileInteractability: false, timeouts: {implicit: 0, pageLoad: 300000, script: 30000}, unhandledPromptBehavior: dismiss and notify}
Session ID: 55fcfd2b533fdc69de6217c02432aa23
*** Element info: {Using=xpath, value=//h1[@class='title' and contains(text(), 'map')]}
	at java.base/jdk.internal.reflect.NativeConstructorAccessorImpl.newInstance0(Native Method)
	at java.base/jdk.internal.reflect.NativeConstructorAccessorImpl.newInstance(NativeConstructorAccessorImpl.java:62)
	at java.base/jdk.internal.reflect.DelegatingConstructorAccessorImpl.newInstance(DelegatingConstructorAccessorImpl.java:45)
	at java.base/java.lang.reflect.Constructor.newInstance(Constructor.java:490)
	at org.openqa.selenium.remote.http.W3CHttpResponseCodec.createException(W3CHttpResponseCodec.java:187)
	at org.openqa.selenium.remote.http.W3CHttpResponseCodec.decode(W3CHttpResponseCodec.java:122)
	at org.openqa.selenium.remote.http.W3CHttpResponseCodec.decode(W3CHttpResponseCodec.java:49)
	at org.openqa.selenium.remote.HttpCommandExecutor.execute(HttpCommandExecutor.java:158)
	at org.openqa.selenium.remote.service.DriverCommandExecutor.execute(DriverCommandExecutor.java:83)
	at org.openqa.selenium.remote.RemoteWebDriver.execute(RemoteWebDriver.java:552)
	at org.openqa.selenium.remote.RemoteWebDriver.findElement(RemoteWebDriver.java:323)
	at org.openqa.selenium.remote.RemoteWebDriver.findElementByXPath(RemoteWebDriver.java:428)
	at org.openqa.selenium.By$ByXPath.findElement(By.java:353)
	at org.openqa.selenium.remote.RemoteWebDriver.findElement(RemoteWebDriver.java:315)
	at org.openqa.selenium.support.pagefactory.DefaultElementLocator.findElement(DefaultElementLocator.java:69)
	at org.openqa.selenium.support.pagefactory.internal.LocatingElementHandler.invoke(LocatingElementHandler.java:38)
	at com.sun.proxy.$Proxy18.getText(Unknown Source)
	at org.openqa.selenium.support.ui.ExpectedConditions$12.apply(ExpectedConditions.java:353)
	at org.openqa.selenium.support.ui.ExpectedConditions$12.apply(ExpectedConditions.java:349)
	at org.openqa.selenium.support.ui.FluentWait.until(FluentWait.java:249)
	at com.cybertek.pages.SignInPage.logIn(SignInPage.java:35)
	at com.cybertek.step_definitions.LoginPageStepDefinitions.user_logs_in_using_and(LoginPageStepDefinitions.java:24)
	at java.base/jdk.internal.reflect.NativeMethodAccessorImpl.invoke0(Native Method)
	at java.base/jdk.internal.reflect.NativeMethodAccessorImpl.invoke(NativeMethodAccessorImpl.java:62)
	at java.base/jdk.internal.reflect.DelegatingMethodAccessorImpl.invoke(DelegatingMethodAccessorImpl.java:43)
	at java.base/java.lang.reflect.Method.invoke(Method.java:566)
	at cucumber.runtime.Utils$1.call(Utils.java:26)
	at cucumber.runtime.Timeout.timeout(Timeout.java:16)
	at cucumber.runtime.Utils.invoke(Utils.java:20)
	at cucumber.runtime.java.JavaStepDefinition.execute(JavaStepDefinition.java:57)
	at cucumber.runner.PickleStepDefinitionMatch.runStep(PickleStepDefinitionMatch.java:50)
	at cucumber.runner.TestStep.executeStep(TestStep.java:63)
	at cucumber.runner.TestStep.run(TestStep.java:49)
	at cucumber.runner.PickleStepTestStep.run(PickleStepTestStep.java:43)
	at cucumber.runner.TestCase.run(TestCase.java:44)
	at cucumber.runner.Runner.runPickle(Runner.java:40)
	at cucumber.runtime.junit.PickleRunners$NoStepDescriptions.run(PickleRunners.java:146)
	at cucumber.runtime.junit.FeatureRunner.runChild(FeatureRunner.java:67)
	at cucumber.runtime.junit.FeatureRunner.runChild(FeatureRunner.java:22)
	at org.junit.runners.ParentRunner$3.run(ParentRunner.java:290)
	at org.junit.runners.ParentRunner$1.schedule(ParentRunner.java:71)
	at org.junit.runners.ParentRunner.runChildren(ParentRunner.java:288)
	at org.junit.runners.ParentRunner.access$000(ParentRunner.java:58)
	at org.junit.runners.ParentRunner$2.evaluate(ParentRunner.java:268)
	at org.junit.runners.ParentRunner.run(ParentRunner.java:363)
	at cucumber.runtime.junit.FeatureRunner.run(FeatureRunner.java:72)
	at cucumber.api.junit.Cucumber.runChild(Cucumber.java:122)
	at cucumber.api.junit.Cucumber.runChild(Cucumber.java:64)
	at org.junit.runners.ParentRunner$3.run(ParentRunner.java:290)
	at org.apache.maven.surefire.junitcore.pc.Scheduler$1.run(Scheduler.java:410)
	at org.apache.maven.surefire.junitcore.pc.InvokerStrategy.schedule(InvokerStrategy.java:54)
	at org.apache.maven.surefire.junitcore.pc.Scheduler.schedule(Scheduler.java:367)
	at org.junit.runners.ParentRunner.runChildren(ParentRunner.java:288)
	at org.junit.runners.ParentRunner.access$000(ParentRunner.java:58)
	at org.junit.runners.ParentRunner$2.evaluate(ParentRunner.java:268)
	at cucumber.api.junit.Cucumber$1.evaluate(Cucumber.java:131)
	at org.junit.runners.ParentRunner.run(ParentRunner.java:363)
	at org.junit.runners.Suite.runChild(Suite.java:128)
	at org.junit.runners.Suite.runChild(Suite.java:27)
	at org.junit.runners.ParentRunner$3.run(ParentRunner.java:290)
	at org.apache.maven.surefire.junitcore.pc.Scheduler$1.run(Scheduler.java:410)
	at java.base/java.util.concurrent.Executors$RunnableAdapter.call(Executors.java:515)
	at java.base/java.util.concurrent.FutureTask.run(FutureTask.java:264)
	at java.base/java.util.concurrent.ThreadPoolExecutor.runWorker(ThreadPoolExecutor.java:1128)
	at java.base/java.util.concurrent.ThreadPoolExecutor$Worker.run(ThreadPoolExecutor.java:628)
	at java.base/java.lang.Thread.run(Thread.java:834)
</pre>
      </div>
    </div>
  </div>


        
        

        

        
  
        

      </div>
      </div>
</div>


    

  </div>
</div>

                      
<div class="element">
  
  
<div class="tags indention">
      <b>Tags:</b>
           <a href="report-tag_1949143085.html">@homepage</a>
      </div>

  
  <span class="lead-duration duration">0.000</span>


    <span data-toggle="collapse" class=" collapsable-control" data-target="#element-10">
    
<div class="brief failed">
  <span class="keyword indention">Scenario</span>
  <span class="name">Light side all rooms</span>
  

       <i class="chevron fa fa-fw"></i>
  </div>

  </span>
  <div class="description indention"></div>

  <div id="element-10" class="collapse collapsable-details  in ">
    
  <div class="inner-level hooks-element-before">
        <div data-toggle="collapse" class=" collapsed  collapsable-control" data-target="#before-11">
      
<div class="brief passed">
  <span class="keyword indention">Hooks</span>
  <span class="name"></span>
  

       <i class="chevron fa fa-fw"></i>
  </div>

    </div>

    <div id="before-11" class="inner-level collapse collapsable-details ">
              <div class="hook">
          <div class="brief passed">
            <span class="keyword indention">Before</span>
                          <span class="location name">Hooks.setUp()</span>
                        
  <span class="lead-duration duration">4.504</span>

          </div>

                      

          
                    

          
  
        </div>
          </div>
  </div>


    
<div class="steps inner-level">
    <div data-toggle="collapse" class=" collapsable-control" data-target="#steps-12">
    
<div class="brief failed">
  <span class="keyword indention">Steps</span>
  <span class="name"></span>
  

       <i class="chevron fa fa-fw"></i>
  </div>

  </div>

  <div id="steps-12" class="inner-level collapse collapsable-details  in ">
          <div class="step">
        
<div class="brief skipped">
  <span class="keyword indention">Then</span>
  <span class="name">the user should be able to see following conference rooms:</span>
  
  <span class="lead-duration duration">0.000</span>

</div>

        

        


                  <table class="step-arguments">
                          <tr>
                                  <td>harvard</td>
                              </tr>
                          <tr>
                                  <td>yale</td>
                              </tr>
                          <tr>
                                  <td>princeton</td>
                              </tr>
                          <tr>
                                  <td>stanford</td>
                              </tr>
                          <tr>
                                  <td>duke</td>
                              </tr>
                          <tr>
                                  <td>berkeley</td>
                              </tr>
                      </table>
        
        

        

        
  
        

      </div>
      </div>
</div>


    
  <div class="inner-level hooks-element-after">
        <div data-toggle="collapse" class=" collapsed  collapsable-control" data-target="#after-13">
      
<div class="brief passed">
  <span class="keyword indention">Hooks</span>
  <span class="name"></span>
  

       <i class="chevron fa fa-fw"></i>
  </div>

    </div>

    <div id="after-13" class="inner-level collapse collapsable-details ">
              <div class="hook">
          <div class="brief passed">
            <span class="keyword indention">After</span>
                          <span class="location name">Hooks.tearDown(Scenario)</span>
                        
  <span class="lead-duration duration">1.983</span>

          </div>

                      

          
                    

          
    <div class="embeddings inner-level">
                    <div class="embedding indention">
        <div data-toggle="collapse" data-target="#embedding-14" class="collapsable-control">
      <a>Attachment 1 (png)</a>
      <a href="embeddings/embedding_-1557184949.png" download target="_blank">
        <span class="download-button glyphicon glyphicon-download-alt"></span>
      </a>
    </div>
    <div id="embedding-14" class="collapse collapsable-details">
      <div class="embedding-content">
        <img src="embeddings/embedding_-1557184949.png">
      </div>
    </div>
  </div>
            </div>
  
        </div>
          </div>
  </div>

  </div>
</div>

                      
<div class="element">
  
  
<div class="tags indention">
  </div>

  
  <span class="lead-duration duration">1:5.508</span>


    <span data-toggle="collapse" class=" collapsable-control" data-target="#element-15">
    
<div class="brief failed">
  <span class="keyword indention">Background</span>
  <span class="name"></span>
  

       <i class="chevron fa fa-fw"></i>
  </div>

  </span>
  <div class="description indention"></div>

  <div id="element-15" class="collapse collapsable-details  in ">
    


    
<div class="steps inner-level">
    <div data-toggle="collapse" class=" collapsable-control" data-target="#steps-16">
    
<div class="brief failed">
  <span class="keyword indention">Steps</span>
  <span class="name"></span>
  

       <i class="chevron fa fa-fw"></i>
  </div>

  </div>

  <div id="steps-16" class="inner-level collapse collapsable-details  in ">
          <div class="step">
        
<div class="brief passed">
  <span class="keyword indention">Given</span>
  <span class="name">user on the login page</span>
  
  <span class="lead-duration duration">34.242</span>

</div>

        

        


        
        

        

        
  
        

      </div>
          <div class="step">
        
<div class="brief failed">
  <span class="keyword indention">When</span>
  <span class="name">user logs in using <span class="argument">&quot;strayford84@e-recht24.de&quot;</span> and <span class="argument">&quot;carlosmichie&quot;</span></span>
  
  <span class="lead-duration duration">31.266</span>

</div>

        

        

  <div class="inner-level">
    <div class="message indention">
      <div data-toggle="collapse" class=" collapsable-control" data-target="#msg-17">
          <a>org.openqa.selenium.TimeoutException:</a>
      </div>
      <div id="msg-17" class="collapse collapsable-details  in ">
        <pre>org.openqa.selenium.TimeoutException: Expected condition failed: waiting for text ('map') to be present in element Proxy element for: DefaultElementLocator 'By.xpath: //h1[@class='title' and contains(text(), 'map')]' (tried for 15 second(s) with 500 milliseconds interval)
	at org.openqa.selenium.support.ui.WebDriverWait.timeoutException(WebDriverWait.java:95)
	at org.openqa.selenium.support.ui.FluentWait.until(FluentWait.java:272)
	at com.cybertek.pages.SignInPage.logIn(SignInPage.java:35)
	at com.cybertek.step_definitions.LoginPageStepDefinitions.user_logs_in_using_and(LoginPageStepDefinitions.java:24)
	at &#10045;.user logs in using &quot;strayford84@e-recht24.de&quot; and &quot;carlosmichie&quot;(src\test\resources\features\homepage\mapdetails.feature:7)
Caused by: org.openqa.selenium.NoSuchElementException: no such element: Unable to locate element: {&quot;method&quot;:&quot;xpath&quot;,&quot;selector&quot;:&quot;//h1[@class='title' and contains(text(), 'map')]&quot;}
  (Session info: chrome=76.0.3809.100)
For documentation on this error, please visit: https://www.seleniumhq.org/exceptions/no_such_element.html
Build info: version: '3.141.59', revision: 'e82be7d358', time: '2018-11-14T08:17:03'
System info: host: 'DESKTOP-PM9V0CS', ip: '192.168.0.6', os.name: 'Windows 10', os.arch: 'amd64', os.version: '10.0', java.version: '11.0.4'
Driver info: org.openqa.selenium.chrome.ChromeDriver
Capabilities {acceptInsecureCerts: false, browserName: chrome, browserVersion: 76.0.3809.100, chrome: {chromedriverVersion: 76.0.3809.68 (420c9498db8ce..., userDataDir: C:\Users\FARRUKH\AppData\Lo...}, goog:chromeOptions: {debuggerAddress: localhost:65467}, javascriptEnabled: true, networkConnectionEnabled: false, pageLoadStrategy: normal, platform: XP, platformName: XP, proxy: Proxy(), setWindowRect: true, strictFileInteractability: false, timeouts: {implicit: 0, pageLoad: 300000, script: 30000}, unhandledPromptBehavior: dismiss and notify}
Session ID: 2fdd19dbea022a6cf1f141265b835f3d
*** Element info: {Using=xpath, value=//h1[@class='title' and contains(text(), 'map')]}
	at java.base/jdk.internal.reflect.NativeConstructorAccessorImpl.newInstance0(Native Method)
	at java.base/jdk.internal.reflect.NativeConstructorAccessorImpl.newInstance(NativeConstructorAccessorImpl.java:62)
	at java.base/jdk.internal.reflect.DelegatingConstructorAccessorImpl.newInstance(DelegatingConstructorAccessorImpl.java:45)
	at java.base/java.lang.reflect.Constructor.newInstance(Constructor.java:490)
	at org.openqa.selenium.remote.http.W3CHttpResponseCodec.createException(W3CHttpResponseCodec.java:187)
	at org.openqa.selenium.remote.http.W3CHttpResponseCodec.decode(W3CHttpResponseCodec.java:122)
	at org.openqa.selenium.remote.http.W3CHttpResponseCodec.decode(W3CHttpResponseCodec.java:49)
	at org.openqa.selenium.remote.HttpCommandExecutor.execute(HttpCommandExecutor.java:158)
	at org.openqa.selenium.remote.service.DriverCommandExecutor.execute(DriverCommandExecutor.java:83)
	at org.openqa.selenium.remote.RemoteWebDriver.execute(RemoteWebDriver.java:552)
	at org.openqa.selenium.remote.RemoteWebDriver.findElement(RemoteWebDriver.java:323)
	at org.openqa.selenium.remote.RemoteWebDriver.findElementByXPath(RemoteWebDriver.java:428)
	at org.openqa.selenium.By$ByXPath.findElement(By.java:353)
	at org.openqa.selenium.remote.RemoteWebDriver.findElement(RemoteWebDriver.java:315)
	at org.openqa.selenium.support.pagefactory.DefaultElementLocator.findElement(DefaultElementLocator.java:69)
	at org.openqa.selenium.support.pagefactory.internal.LocatingElementHandler.invoke(LocatingElementHandler.java:38)
	at com.sun.proxy.$Proxy18.getText(Unknown Source)
	at org.openqa.selenium.support.ui.ExpectedConditions$12.apply(ExpectedConditions.java:353)
	at org.openqa.selenium.support.ui.ExpectedConditions$12.apply(ExpectedConditions.java:349)
	at org.openqa.selenium.support.ui.FluentWait.until(FluentWait.java:249)
	at com.cybertek.pages.SignInPage.logIn(SignInPage.java:35)
	at com.cybertek.step_definitions.LoginPageStepDefinitions.user_logs_in_using_and(LoginPageStepDefinitions.java:24)
	at java.base/jdk.internal.reflect.NativeMethodAccessorImpl.invoke0(Native Method)
	at java.base/jdk.internal.reflect.NativeMethodAccessorImpl.invoke(NativeMethodAccessorImpl.java:62)
	at java.base/jdk.internal.reflect.DelegatingMethodAccessorImpl.invoke(DelegatingMethodAccessorImpl.java:43)
	at java.base/java.lang.reflect.Method.invoke(Method.java:566)
	at cucumber.runtime.Utils$1.call(Utils.java:26)
	at cucumber.runtime.Timeout.timeout(Timeout.java:16)
	at cucumber.runtime.Utils.invoke(Utils.java:20)
	at cucumber.runtime.java.JavaStepDefinition.execute(JavaStepDefinition.java:57)
	at cucumber.runner.PickleStepDefinitionMatch.runStep(PickleStepDefinitionMatch.java:50)
	at cucumber.runner.TestStep.executeStep(TestStep.java:63)
	at cucumber.runner.TestStep.run(TestStep.java:49)
	at cucumber.runner.PickleStepTestStep.run(PickleStepTestStep.java:43)
	at cucumber.runner.TestCase.run(TestCase.java:44)
	at cucumber.runner.Runner.runPickle(Runner.java:40)
	at cucumber.runtime.junit.PickleRunners$NoStepDescriptions.run(PickleRunners.java:146)
	at cucumber.runtime.junit.FeatureRunner.runChild(FeatureRunner.java:67)
	at cucumber.runtime.junit.FeatureRunner.runChild(FeatureRunner.java:22)
	at org.junit.runners.ParentRunner$3.run(ParentRunner.java:290)
	at org.junit.runners.ParentRunner$1.schedule(ParentRunner.java:71)
	at org.junit.runners.ParentRunner.runChildren(ParentRunner.java:288)
	at org.junit.runners.ParentRunner.access$000(ParentRunner.java:58)
	at org.junit.runners.ParentRunner$2.evaluate(ParentRunner.java:268)
	at org.junit.runners.ParentRunner.run(ParentRunner.java:363)
	at cucumber.runtime.junit.FeatureRunner.run(FeatureRunner.java:72)
	at cucumber.api.junit.Cucumber.runChild(Cucumber.java:122)
	at cucumber.api.junit.Cucumber.runChild(Cucumber.java:64)
	at org.junit.runners.ParentRunner$3.run(ParentRunner.java:290)
	at org.apache.maven.surefire.junitcore.pc.Scheduler$1.run(Scheduler.java:410)
	at org.apache.maven.surefire.junitcore.pc.InvokerStrategy.schedule(InvokerStrategy.java:54)
	at org.apache.maven.surefire.junitcore.pc.Scheduler.schedule(Scheduler.java:367)
	at org.junit.runners.ParentRunner.runChildren(ParentRunner.java:288)
	at org.junit.runners.ParentRunner.access$000(ParentRunner.java:58)
	at org.junit.runners.ParentRunner$2.evaluate(ParentRunner.java:268)
	at cucumber.api.junit.Cucumber$1.evaluate(Cucumber.java:131)
	at org.junit.runners.ParentRunner.run(ParentRunner.java:363)
	at org.junit.runners.Suite.runChild(Suite.java:128)
	at org.junit.runners.Suite.runChild(Suite.java:27)
	at org.junit.runners.ParentRunner$3.run(ParentRunner.java:290)
	at org.apache.maven.surefire.junitcore.pc.Scheduler$1.run(Scheduler.java:410)
	at java.base/java.util.concurrent.Executors$RunnableAdapter.call(Executors.java:515)
	at java.base/java.util.concurrent.FutureTask.run(FutureTask.java:264)
	at java.base/java.util.concurrent.ThreadPoolExecutor.runWorker(ThreadPoolExecutor.java:1128)
	at java.base/java.util.concurrent.ThreadPoolExecutor$Worker.run(ThreadPoolExecutor.java:628)
	at java.base/java.lang.Thread.run(Thread.java:834)
</pre>
      </div>
    </div>
  </div>


        
        

        

        
  
        

      </div>
      </div>
</div>


    

  </div>
</div>

                      
<div class="element">
  
  
<div class="tags indention">
      <b>Tags:</b>
           <a href="report-tag_1949143085.html">@homepage</a>
      </div>

  
  <span class="lead-duration duration">0.000</span>


    <span data-toggle="collapse" class=" collapsable-control" data-target="#element-18">
    
<div class="brief failed">
  <span class="keyword indention">Scenario</span>
  <span class="name">Team member test</span>
  

       <i class="chevron fa fa-fw"></i>
  </div>

  </span>
  <div class="description indention"></div>

  <div id="element-18" class="collapse collapsable-details  in ">
    
  <div class="inner-level hooks-element-before">
        <div data-toggle="collapse" class=" collapsed  collapsable-control" data-target="#before-19">
      
<div class="brief passed">
  <span class="keyword indention">Hooks</span>
  <span class="name"></span>
  

       <i class="chevron fa fa-fw"></i>
  </div>

    </div>

    <div id="before-19" class="inner-level collapse collapsable-details ">
              <div class="hook">
          <div class="brief passed">
            <span class="keyword indention">Before</span>
                          <span class="location name">Hooks.setUp()</span>
                        
  <span class="lead-duration duration">3.831</span>

          </div>

                      

          
                    

          
  
        </div>
          </div>
  </div>


    
<div class="steps inner-level">
    <div data-toggle="collapse" class=" collapsable-control" data-target="#steps-20">
    
<div class="brief failed">
  <span class="keyword indention">Steps</span>
  <span class="name"></span>
  

       <i class="chevron fa fa-fw"></i>
  </div>

  </div>

  <div id="steps-20" class="inner-level collapse collapsable-details  in ">
          <div class="step">
        
<div class="brief skipped">
  <span class="keyword indention">When</span>
  <span class="name">the user goes to the <span class="argument">&quot;my team&quot;</span> page</span>
  
  <span class="lead-duration duration">0.000</span>

</div>

        

        


        
        

        

        
  
        

      </div>
          <div class="step">
        
<div class="brief skipped">
  <span class="keyword indention">Then</span>
  <span class="name">following team members should be displayed:</span>
  
  <span class="lead-duration duration">0.000</span>

</div>

        

        


                  <table class="step-arguments">
                          <tr>
                                  <td>Rosanne</td>
                              </tr>
                          <tr>
                                  <td>Edy</td>
                              </tr>
                          <tr>
                                  <td>Carlos</td>
                              </tr>
                          <tr>
                                  <td>Francesca</td>
                              </tr>
                      </table>
        
        

        

        
  
        

      </div>
      </div>
</div>


    
  <div class="inner-level hooks-element-after">
        <div data-toggle="collapse" class=" collapsed  collapsable-control" data-target="#after-21">
      
<div class="brief passed">
  <span class="keyword indention">Hooks</span>
  <span class="name"></span>
  

       <i class="chevron fa fa-fw"></i>
  </div>

    </div>

    <div id="after-21" class="inner-level collapse collapsable-details ">
              <div class="hook">
          <div class="brief passed">
            <span class="keyword indention">After</span>
                          <span class="location name">Hooks.tearDown(Scenario)</span>
                        
  <span class="lead-duration duration">1.478</span>

          </div>

                      

          
                    

          
    <div class="embeddings inner-level">
                    <div class="embedding indention">
        <div data-toggle="collapse" data-target="#embedding-22" class="collapsable-control">
      <a>Attachment 1 (png)</a>
      <a href="embeddings/embedding_-244366316.png" download target="_blank">
        <span class="download-button glyphicon glyphicon-download-alt"></span>
      </a>
    </div>
    <div id="embedding-22" class="collapse collapsable-details">
      <div class="embedding-content">
        <img src="embeddings/embedding_-244366316.png">
      </div>
    </div>
  </div>
            </div>
  
        </div>
          </div>
  </div>

  </div>
</div>

                  </div>

      </div>
    </div>
  </div>
</div>


<div class="container-fluid">
  <div class="row">
    <div class="col-md-1 col-md-offset-10">
      <i class="fa fa-chevron-circle-down fa-2x collapsable-control"
        onClick="javascript:$('#report .collapsable-details').collapse('show')"></i>
      <i class="fa fa-chevron-circle-up fa-2x collapsable-control"
        onClick="javascript:$('#report .collapsable-details').collapse('hide')"></i>
    </div>
  </div>
</div>

<br>

<nav class="navbar navbar-default" id="footer">
  <div class="container-fluid">
    <p class="navbar-text navbar-right">
        <small>generate Cucumber HTML reports via:&nbsp;</small>
        <a class="navbar-link" href="https://github.com/jenkinsci/cucumber-reports-plugin">Jenkins Plugin</a> |
        <a class="navbar-link" href="https://github.com/damianszczepanik/cucumber-reporting">Standalone</a> |
        <a class="navbar-link" href="https://github.com/damianszczepanik/cucumber-sandwich">Sandwich</a> |
        <a class="navbar-link" href="https://github.com/damianszczepanik/maven-cucumber-reporting">Maven</a>
        &nbsp;&nbsp;
    </p>
  </div>
</nav>

</body>
</html>
